Using pre-set license
Built from '2020.2/release' branch; Version is '2020.2.2f1 (068178b99f32) revision 426360'; Using compiler version '192528614'; Build Type 'Release'
OS: 'Windows 10 Home; OS build 19041.804; Version 2004; 64bit' Language: 'en' Physical Memory: 16191 MB
BatchMode: 1, IsHumanControllingUs: 0, StartBugReporterOnCrash: 0, Is64bit: 1, IsPro: 0

 COMMAND LINE ARGUMENTS:
D:\UnityEditor\2020.2.2f1\Editor\Unity.exe
-adb2
-batchMode
-noUpm
-name
AssetImportWorker0
-projectPath
D:/TPKGames/2DPlatformer_TPK/2Dplatform
-logFile
Logs/AssetImportWorker0.log
-srvPort
49330
Successfully changed project path to: D:/TPKGames/2DPlatformer_TPK/2Dplatform
D:/TPKGames/2DPlatformer_TPK/2Dplatform
Using Asset Import Pipeline V2.
Refreshing native plugins compatible for Editor in 49.49 ms, found 1 plugins.
Preloading 0 native plugins for Editor in 0.00 ms.
Initialize engine version: 2020.2.2f1 (068178b99f32)
[Subsystems] Discovering subsystems at path D:/UnityEditor/2020.2.2f1/Editor/Data/Resources/UnitySubsystems
[Subsystems] Discovering subsystems at path D:/TPKGames/2DPlatformer_TPK/2Dplatform/Assets
GfxDevice: creating device client; threaded=0
Direct3D:
    Version:  Direct3D 11.0 [level 11.1]
    Renderer: NVIDIA GeForce GTX 1660 Ti (ID=0x2191)
    Vendor:   
    VRAM:     5991 MB
    Driver:   27.21.14.6140
Initialize mono
Mono path[0] = 'D:/UnityEditor/2020.2.2f1/Editor/Data/Managed'
Mono path[1] = 'D:/UnityEditor/2020.2.2f1/Editor/Data/MonoBleedingEdge/lib/mono/unityjit'
Mono config path = 'D:/UnityEditor/2020.2.2f1/Editor/Data/MonoBleedingEdge/etc'
Using monoOptions --debugger-agent=transport=dt_socket,embedding=1,server=y,suspend=n,address=127.0.0.1:56240
Begin MonoManager ReloadAssembly
Registering precompiled unity dll's ...
Register platform support module: D:/UnityEditor/2020.2.2f1/Editor/Data/PlaybackEngines/WebGLSupport/UnityEditor.WebGL.Extensions.dll
Register platform support module: D:/UnityEditor/2020.2.2f1/Editor/Data/PlaybackEngines/WindowsStandaloneSupport/UnityEditor.WindowsStandalone.Extensions.dll
Registered in 0.002293 seconds.
Native extension for WindowsStandalone target not found
Native extension for WebGL target not found
Refreshing native plugins compatible for Editor in 47.61 ms, found 1 plugins.
Preloading 0 native plugins for Editor in 0.00 ms.
Invoked RoslynAnalysisRunner static constructor.
RoslynAnalysisRunner will not be running.
RoslynAnalysisRunner has terminated.
Mono: successfully reloaded assembly
- Completed reload, in  2.476 seconds
Platform modules already initialized, skipping
Registering precompiled user dll's ...
Registered in 0.001320 seconds.
Begin MonoManager ReloadAssembly
Native extension for WindowsStandalone target not found
Native extension for WebGL target not found
Refreshing native plugins compatible for Editor in 58.53 ms, found 1 plugins.
Preloading 0 native plugins for Editor in 0.00 ms.
Invoked RoslynAnalysisRunner static constructor.
RoslynAnalysisRunner will not be running.
RoslynAnalysisRunner has terminated.
Mono: successfully reloaded assembly
- Completed reload, in  1.429 seconds
Platform modules already initialized, skipping
========================================================================
Worker process is ready to serve import requests
Launched and connected shader compiler UnityShaderCompiler.exe after 0.07 seconds
Refreshing native plugins compatible for Editor in 0.60 ms, found 1 plugins.
Preloading 0 native plugins for Editor in 0.00 ms.
Unloading 1813 Unused Serialized files (Serialized files now loaded: 0)
System memory in use before: 84.8 MB.
System memory in use after: 84.8 MB.

Unloading 23 unused Assets to reduce memory usage. Loaded Objects now: 2256.
Total: 3.459800 ms (FindLiveObjects: 0.443700 ms CreateObjectMapping: 0.162600 ms MarkObjects: 2.695600 ms  DeleteObjects: 0.156000 ms)

========================================================================
Received Import Request.
  path: Assets/Scripts/SimpleSideController.cs
  artifactKey: Guid(40635ed2f323e42eb82ebc6f34b99597) Importer(815301076,1909f56bfc062723c751e8b465ee728b)
Start importing Assets/Scripts/SimpleSideController.cs using Guid(40635ed2f323e42eb82ebc6f34b99597) Importer(815301076,1909f56bfc062723c751e8b465ee728b)  -> (artifact id: '68e4dcaa6e51a94e44fbd5837edc0e39') in 0.084190 seconds
  Import took 0.112552 seconds .

========================================================================
Received Prepare
Registering precompiled user dll's ...
Registered in 0.001375 seconds.
Begin MonoManager ReloadAssembly
Native extension for WindowsStandalone target not found
Native extension for WebGL target not found
Refreshing native plugins compatible for Editor in 0.47 ms, found 1 plugins.
Preloading 0 native plugins for Editor in 0.00 ms.
Invoked RoslynAnalysisRunner static constructor.
RoslynAnalysisRunner will not be running.
RoslynAnalysisRunner has terminated.
Mono: successfully reloaded assembly
- Completed reload, in  1.052 seconds
Platform modules already initialized, skipping
Switching build target platform(5) subTarget(0) extendedPlatform(0) -> platform(9) subTarget(16777218) extendedPlatform(0)
Refreshing native plugins compatible for Editor in 0.44 ms, found 1 plugins.
Preloading 0 native plugins for Editor in 0.00 ms.
Unloading 1810 Unused Serialized files (Serialized files now loaded: 0)
System memory in use before: 84.8 MB.
System memory in use after: 84.8 MB.

Unloading 11 unused Assets to reduce memory usage. Loaded Objects now: 2259.
Total: 2.765400 ms (FindLiveObjects: 0.243500 ms CreateObjectMapping: 0.058500 ms MarkObjects: 2.330200 ms  DeleteObjects: 0.130700 ms)

AssetImportParameters requested are different than current active one (requested -> active):
  custom:graphics/normal-map-encoding: 01000000000000000000000000000000 -> 02000000000000000000000000000000
========================================================================
Received Import Request.
  Time since last request: 794.107226 seconds.
  path: Assets/Xbox Controller/Prefab
  artifactKey: Guid(b5a43a84f9e0cff48ae48b602369a6ed) Importer(815301076,1909f56bfc062723c751e8b465ee728b)
Start importing Assets/Xbox Controller/Prefab using Guid(b5a43a84f9e0cff48ae48b602369a6ed) Importer(815301076,1909f56bfc062723c751e8b465ee728b)  -> (artifact id: 'd55520105a91d2a8c27ef0381b92cc62') in 0.006906 seconds
  Import took 0.011076 seconds .

========================================================================
Received Import Request.
  Time since last request: 0.106805 seconds.
  path: Assets/Xbox Controller/Prefab/A button.prefab
  artifactKey: Guid(c2cf9bae85280df498684a5d4a0379e5) Importer(815301076,1909f56bfc062723c751e8b465ee728b)
Start importing Assets/Xbox Controller/Prefab/A button.prefab using Guid(c2cf9bae85280df498684a5d4a0379e5) Importer(815301076,1909f56bfc062723c751e8b465ee728b)  -> (artifact id: '727ba1a4d64a3500bae32d0e7f4527bc') in 0.162191 seconds
  Import took 0.166074 seconds .

========================================================================
Received Import Request.
  Time since last request: 0.000271 seconds.
  path: Assets/Xbox Controller/Prefab/D-pad Right.prefab
  artifactKey: Guid(a431a5a34985efa4791363fb9d80f859) Importer(815301076,1909f56bfc062723c751e8b465ee728b)
Start importing Assets/Xbox Controller/Prefab/D-pad Right.prefab using Guid(a431a5a34985efa4791363fb9d80f859) Importer(815301076,1909f56bfc062723c751e8b465ee728b)  -> (artifact id: 'e72d4d62313eb061c9f09e5f8a3450c1') in 0.020317 seconds
  Import took 0.024528 seconds .

========================================================================
Received Import Request.
  Time since last request: 0.000243 seconds.
  path: Assets/Xbox Controller/Prefab/B button.prefab
  artifactKey: Guid(90e8e39bbb6cfbd489e35781ba3fb76f) Importer(815301076,1909f56bfc062723c751e8b465ee728b)
Start importing Assets/Xbox Controller/Prefab/B button.prefab using Guid(90e8e39bbb6cfbd489e35781ba3fb76f) Importer(815301076,1909f56bfc062723c751e8b465ee728b)  -> (artifact id: 'f4d6c6f0858fefe85e157ea98bb0b7fc') in 0.015328 seconds
  Import took 0.019718 seconds .

========================================================================
Received Import Request.
  Time since last request: 0.000287 seconds.
  path: Assets/Xbox Controller/Prefab/D-pad Up.prefab
  artifactKey: Guid(9a0190181f1642f44bb2f00a79e484bb) Importer(815301076,1909f56bfc062723c751e8b465ee728b)
Start importing Assets/Xbox Controller/Prefab/D-pad Up.prefab using Guid(9a0190181f1642f44bb2f00a79e484bb) Importer(815301076,1909f56bfc062723c751e8b465ee728b)  -> (artifact id: '5678912079d22db164c0d7d7bc59ec66') in 0.016282 seconds
  Import took 0.020264 seconds .

========================================================================
Received Import Request.
  Time since last request: 0.000250 seconds.
  path: Assets/Xbox Controller/Prefab/LT.prefab
  artifactKey: Guid(1820cb82131856246a5eedb6a4d6781f) Importer(815301076,1909f56bfc062723c751e8b465ee728b)
Start importing Assets/Xbox Controller/Prefab/LT.prefab using Guid(1820cb82131856246a5eedb6a4d6781f) Importer(815301076,1909f56bfc062723c751e8b465ee728b)  -> (artifact id: '4327afa5a669befdb2348a499d39e586') in 0.015485 seconds
  Import took 0.019700 seconds .

========================================================================
Received Import Request.
  Time since last request: 0.000256 seconds.
  path: Assets/Xbox Controller/Prefab/Thumbstick 360rotation.prefab
  artifactKey: Guid(8ad24f47cee311349b7b9003c0d403fc) Importer(815301076,1909f56bfc062723c751e8b465ee728b)
Start importing Assets/Xbox Controller/Prefab/Thumbstick 360rotation.prefab using Guid(8ad24f47cee311349b7b9003c0d403fc) Importer(815301076,1909f56bfc062723c751e8b465ee728b)  -> (artifact id: 'ac6cfa81747ea6fe367d09c29fee5fc1') in 0.013003 seconds
  Import took 0.017050 seconds .

========================================================================
Received Import Request.
  Time since last request: 0.000234 seconds.
  path: Assets/Xbox Controller/Prefab/RT.prefab
  artifactKey: Guid(b064a0aac32cfb2428f01fadbdd5e285) Importer(815301076,1909f56bfc062723c751e8b465ee728b)
Start importing Assets/Xbox Controller/Prefab/RT.prefab using Guid(b064a0aac32cfb2428f01fadbdd5e285) Importer(815301076,1909f56bfc062723c751e8b465ee728b)  -> (artifact id: '09bc02ce476a15548f4476e6def86c61') in 0.012750 seconds
  Import took 0.016334 seconds .

========================================================================
Received Import Request.
  Time since last request: 0.000249 seconds.
  path: Assets/Xbox Controller/Prefab/RB.prefab
  artifactKey: Guid(ab3f8f3c99b6ad2489fa898a5a3d2749) Importer(815301076,1909f56bfc062723c751e8b465ee728b)
Start importing Assets/Xbox Controller/Prefab/RB.prefab using Guid(ab3f8f3c99b6ad2489fa898a5a3d2749) Importer(815301076,1909f56bfc062723c751e8b465ee728b)  -> (artifact id: '8ed32bb50824267c5ad62af60c641505') in 0.014204 seconds
  Import took 0.018859 seconds .

========================================================================
Received Import Request.
  Time since last request: 0.000243 seconds.
  path: Assets/Xbox Controller/Prefab/D-pad Down.prefab
  artifactKey: Guid(5a3cd1c07d87c404a814e8792024d2bc) Importer(815301076,1909f56bfc062723c751e8b465ee728b)
Start importing Assets/Xbox Controller/Prefab/D-pad Down.prefab using Guid(5a3cd1c07d87c404a814e8792024d2bc) Importer(815301076,1909f56bfc062723c751e8b465ee728b)  -> (artifact id: 'bdac2e365c03a5f464a669784ea044e8') in 0.015975 seconds
  Import took 0.019730 seconds .

========================================================================
Received Import Request.
  Time since last request: 0.000316 seconds.
  path: Assets/Xbox Controller/Prefab/Back.prefab
  artifactKey: Guid(7d6e604a210a6994bacec35bf2baaf1e) Importer(815301076,1909f56bfc062723c751e8b465ee728b)
Start importing Assets/Xbox Controller/Prefab/Back.prefab using Guid(7d6e604a210a6994bacec35bf2baaf1e) Importer(815301076,1909f56bfc062723c751e8b465ee728b)  -> (artifact id: '097173304eaef94884c22ed496f12ba9') in 0.014692 seconds
  Import took 0.018909 seconds .

========================================================================
Received Import Request.
  Time since last request: 0.000248 seconds.
  path: Assets/Xbox Controller/Prefab/Thumbstick Down-right.prefab
  artifactKey: Guid(9b734934426e5b44fb7f03bdfe2b0b18) Importer(815301076,1909f56bfc062723c751e8b465ee728b)
Start importing Assets/Xbox Controller/Prefab/Thumbstick Down-right.prefab using Guid(9b734934426e5b44fb7f03bdfe2b0b18) Importer(815301076,1909f56bfc062723c751e8b465ee728b)  -> (artifact id: 'b74e23b59aecc2b2860e4ebde308210b') in 0.014823 seconds
  Import took 0.018595 seconds .

========================================================================
Received Import Request.
  Time since last request: 0.000255 seconds.
  path: Assets/Xbox Controller/Prefab/D-pad Left.prefab
  artifactKey: Guid(d2c9222b33c5c964a940693c5d7e16a6) Importer(815301076,1909f56bfc062723c751e8b465ee728b)
Start importing Assets/Xbox Controller/Prefab/D-pad Left.prefab using Guid(d2c9222b33c5c964a940693c5d7e16a6) Importer(815301076,1909f56bfc062723c751e8b465ee728b)  -> (artifact id: '00163a73a72cd2eb1b5509ab49764962') in 0.019325 seconds
  Import took 0.023392 seconds .

========================================================================
Received Import Request.
  Time since last request: 0.000242 seconds.
  path: Assets/Xbox Controller/Prefab/Thumbstick Down-left.prefab
  artifactKey: Guid(02e15bef5c56a2b47a5f83e1d636cad6) Importer(815301076,1909f56bfc062723c751e8b465ee728b)
Start importing Assets/Xbox Controller/Prefab/Thumbstick Down-left.prefab using Guid(02e15bef5c56a2b47a5f83e1d636cad6) Importer(815301076,1909f56bfc062723c751e8b465ee728b)  -> (artifact id: '60950ed3f9c5d05f639b181f9852f8db') in 0.016541 seconds
  Import took 0.020866 seconds .

========================================================================
Received Import Request.
  Time since last request: 0.000264 seconds.
  path: Assets/Xbox Controller/Prefab/Thumbstick Down.prefab
  artifactKey: Guid(a91a4102772cabe43b6f2267614c5d26) Importer(815301076,1909f56bfc062723c751e8b465ee728b)
Start importing Assets/Xbox Controller/Prefab/Thumbstick Down.prefab using Guid(a91a4102772cabe43b6f2267614c5d26) Importer(815301076,1909f56bfc062723c751e8b465ee728b)  -> (artifact id: 'e429bc93fb0cca74758b70085c723970') in 0.016734 seconds
  Import took 0.020601 seconds .

========================================================================
Received Import Request.
  Time since last request: 0.000224 seconds.
  path: Assets/Xbox Controller/Prefab/Start.prefab
  artifactKey: Guid(a72674d400735bf43815d5a45f5dad91) Importer(815301076,1909f56bfc062723c751e8b465ee728b)
Start importing Assets/Xbox Controller/Prefab/Start.prefab using Guid(a72674d400735bf43815d5a45f5dad91) Importer(815301076,1909f56bfc062723c751e8b465ee728b)  -> (artifact id: 'dcbd07efedba7e6b24db55dbd2272126') in 0.015819 seconds
  Import took 0.020179 seconds .

========================================================================
Received Import Request.
  Time since last request: 0.000242 seconds.
  path: Assets/Xbox Controller/Prefab/LB.prefab
  artifactKey: Guid(b4e31ce7adef11e4b868aacf01a81de5) Importer(815301076,1909f56bfc062723c751e8b465ee728b)
Start importing Assets/Xbox Controller/Prefab/LB.prefab using Guid(b4e31ce7adef11e4b868aacf01a81de5) Importer(815301076,1909f56bfc062723c751e8b465ee728b)  -> (artifact id: '64737e4ee717e4d28952b72649de6854') in 0.014631 seconds
  Import took 0.019004 seconds .

========================================================================
Received Import Request.
  Time since last request: 0.721785 seconds.
  path: Assets/Xbox Controller/Prefab/Thumbstick Left and Right.prefab
  artifactKey: Guid(ae6ec9960cb5aef4ca2957a81a0485c7) Importer(815301076,1909f56bfc062723c751e8b465ee728b)
Start importing Assets/Xbox Controller/Prefab/Thumbstick Left and Right.prefab using Guid(ae6ec9960cb5aef4ca2957a81a0485c7) Importer(815301076,1909f56bfc062723c751e8b465ee728b)  -> (artifact id: '2ccd544624f039104ffd26d9317c6014') in 0.012800 seconds
  Import took 0.017067 seconds .

========================================================================
Received Import Request.
  Time since last request: 0.000245 seconds.
  path: Assets/Xbox Controller/Prefab/Thumbstick Up-left.prefab
  artifactKey: Guid(c6be0f20388e5aa47b78a533c2e8f644) Importer(815301076,1909f56bfc062723c751e8b465ee728b)
Start importing Assets/Xbox Controller/Prefab/Thumbstick Up-left.prefab using Guid(c6be0f20388e5aa47b78a533c2e8f644) Importer(815301076,1909f56bfc062723c751e8b465ee728b)  -> (artifact id: 'a7ee9e6e293dac3d74def8c1ee0996e1') in 0.014780 seconds
  Import took 0.018720 seconds .

========================================================================
Received Import Request.
  Time since last request: 0.000287 seconds.
  path: Assets/Xbox Controller/Prefab/Thumbstick Right.prefab
  artifactKey: Guid(49515d41984e301448dc9f645578bc20) Importer(815301076,1909f56bfc062723c751e8b465ee728b)
Start importing Assets/Xbox Controller/Prefab/Thumbstick Right.prefab using Guid(49515d41984e301448dc9f645578bc20) Importer(815301076,1909f56bfc062723c751e8b465ee728b)  -> (artifact id: 'b7277e4b8bdde7c8795bd6d6ba4b6522') in 0.016719 seconds
  Import took 0.021069 seconds .

========================================================================
Received Import Request.
  Time since last request: 0.000270 seconds.
  path: Assets/Xbox Controller/Prefab/Thumbstick Left.prefab
  artifactKey: Guid(bf64f0cd861f9124f8536f4f9083f3c2) Importer(815301076,1909f56bfc062723c751e8b465ee728b)
Start importing Assets/Xbox Controller/Prefab/Thumbstick Left.prefab using Guid(bf64f0cd861f9124f8536f4f9083f3c2) Importer(815301076,1909f56bfc062723c751e8b465ee728b)  -> (artifact id: 'e61a5414bca178a7dc4dfd3909859a7e') in 0.016432 seconds
  Import took 0.020320 seconds .

========================================================================
Received Import Request.
  Time since last request: 0.000337 seconds.
  path: Assets/Xbox Controller/Prefab/Thumbstick Up 1.prefab
  artifactKey: Guid(c870a2fe5252aa34fb9f1b9fbaa4de26) Importer(815301076,1909f56bfc062723c751e8b465ee728b)
Start importing Assets/Xbox Controller/Prefab/Thumbstick Up 1.prefab using Guid(c870a2fe5252aa34fb9f1b9fbaa4de26) Importer(815301076,1909f56bfc062723c751e8b465ee728b)  -> (artifact id: 'f98b6c61220cb1b4c0f0ffbe827b6a4e') in 0.015621 seconds
  Import took 0.019705 seconds .

========================================================================
Received Import Request.
  Time since last request: 0.161269 seconds.
  path: Assets/Xbox Controller/Prefab/Thumbstick Up-right.prefab
  artifactKey: Guid(b40c0a101943ef54e9a76848d808df94) Importer(815301076,1909f56bfc062723c751e8b465ee728b)
Start importing Assets/Xbox Controller/Prefab/Thumbstick Up-right.prefab using Guid(b40c0a101943ef54e9a76848d808df94) Importer(815301076,1909f56bfc062723c751e8b465ee728b)  -> (artifact id: '24186f604d43e0574bbea8550471287b') in 0.013286 seconds
  Import took 0.016729 seconds .

========================================================================
Received Import Request.
  Time since last request: 0.000221 seconds.
  path: Assets/Xbox Controller/Prefab/Y button.prefab
  artifactKey: Guid(7f5d3a3e276a1764bbbc9f0ab54ad14a) Importer(815301076,1909f56bfc062723c751e8b465ee728b)
Start importing Assets/Xbox Controller/Prefab/Y button.prefab using Guid(7f5d3a3e276a1764bbbc9f0ab54ad14a) Importer(815301076,1909f56bfc062723c751e8b465ee728b)  -> (artifact id: 'cac4d906a82ee294b97d3e6a644c2155') in 0.013585 seconds
  Import took 0.017705 seconds .

========================================================================
Received Import Request.
  Time since last request: 0.000200 seconds.
  path: Assets/Xbox Controller/Prefab/Thumbstick Up.prefab
  artifactKey: Guid(e083d02984b93cd4293f1358d6cc091b) Importer(815301076,1909f56bfc062723c751e8b465ee728b)
Start importing Assets/Xbox Controller/Prefab/Thumbstick Up.prefab using Guid(e083d02984b93cd4293f1358d6cc091b) Importer(815301076,1909f56bfc062723c751e8b465ee728b)  -> (artifact id: 'e2d9d85437f0637f95a7ab8faa3fe9ec') in 0.013833 seconds
  Import took 0.017668 seconds .

========================================================================
Received Import Request.
  Time since last request: 0.000295 seconds.
  path: Assets/Xbox Controller/Prefab/X button.prefab
  artifactKey: Guid(ce4c526025139f64284c1e50a856439b) Importer(815301076,1909f56bfc062723c751e8b465ee728b)
Start importing Assets/Xbox Controller/Prefab/X button.prefab using Guid(ce4c526025139f64284c1e50a856439b) Importer(815301076,1909f56bfc062723c751e8b465ee728b)  -> (artifact id: '5564c1c9bb29f1ccf2faf6d02c3239f2') in 0.013783 seconds
  Import took 0.017442 seconds .

========================================================================
Received Import Request.
  Time since last request: 92.383967 seconds.
  path: Assets/Xbox Controller/Prefab/A button.prefab
  artifactKey: Guid(c2cf9bae85280df498684a5d4a0379e5) Importer(815301076,1909f56bfc062723c751e8b465ee728b)
Start importing Assets/Xbox Controller/Prefab/A button.prefab using Guid(c2cf9bae85280df498684a5d4a0379e5) Importer(815301076,1909f56bfc062723c751e8b465ee728b)  -> (artifact id: '5219f3bcf68a099225fd5c2acf4506e8') in 0.015195 seconds
  Import took 0.019749 seconds .

========================================================================
Received Prepare
Registering precompiled user dll's ...
Registered in 0.001558 seconds.
Begin MonoManager ReloadAssembly
Native extension for WindowsStandalone target not found
Native extension for WebGL target not found
Refreshing native plugins compatible for Editor in 0.48 ms, found 1 plugins.
Preloading 0 native plugins for Editor in 0.00 ms.
Invoked RoslynAnalysisRunner static constructor.
RoslynAnalysisRunner will not be running.
RoslynAnalysisRunner has terminated.
Mono: successfully reloaded assembly
- Completed reload, in  1.099 seconds
Platform modules already initialized, skipping
Switching build target platform(5) subTarget(0) extendedPlatform(0) -> platform(9) subTarget(16777218) extendedPlatform(0)
Refreshing native plugins compatible for Editor in 0.42 ms, found 1 plugins.
Preloading 0 native plugins for Editor in 0.00 ms.
Unloading 1810 Unused Serialized files (Serialized files now loaded: 0)
System memory in use before: 88.1 MB.
System memory in use after: 88.2 MB.

Unloading 11 unused Assets to reduce memory usage. Loaded Objects now: 2269.
Total: 2.853400 ms (FindLiveObjects: 0.250300 ms CreateObjectMapping: 0.053400 ms MarkObjects: 2.417800 ms  DeleteObjects: 0.129600 ms)

AssetImportParameters requested are different than current active one (requested -> active):
  custom:graphics/normal-map-encoding: 01000000000000000000000000000000 -> 02000000000000000000000000000000
========================================================================
Received Import Request.
  Time since last request: 474.225739 seconds.
  path: Assets/Xbox Controller/Controller sheets
  artifactKey: Guid(25665e708edf7e94cb5ed9ab8411fa5c) Importer(815301076,1909f56bfc062723c751e8b465ee728b)
Start importing Assets/Xbox Controller/Controller sheets using Guid(25665e708edf7e94cb5ed9ab8411fa5c) Importer(815301076,1909f56bfc062723c751e8b465ee728b)  -> (artifact id: '9464cab330d5f7b672a585deda4f9d41') in 0.007358 seconds
  Import took 0.011876 seconds .

========================================================================
Received Import Request.
  Time since last request: 1.762745 seconds.
  path: Assets/Xbox Controller/Controller sheets/ABYX sprite.png
  artifactKey: Guid(bff7b5b6060d17948b50442091e1f004) Importer(815301076,1909f56bfc062723c751e8b465ee728b)
Start importing Assets/Xbox Controller/Controller sheets/ABYX sprite.png using Guid(bff7b5b6060d17948b50442091e1f004) Importer(815301076,1909f56bfc062723c751e8b465ee728b)  -> (artifact id: '2b0ca0b2f7504969f7de3d2279a7efe5') in 0.165944 seconds
  Import took 0.170322 seconds .

========================================================================
Received Import Request.
  Time since last request: 0.000227 seconds.
  path: Assets/Xbox Controller/Controller sheets/Bonus Thumbstick Sheet.png
  artifactKey: Guid(9fdf65abb12898540a9c7a961a5ca1e8) Importer(815301076,1909f56bfc062723c751e8b465ee728b)
Start importing Assets/Xbox Controller/Controller sheets/Bonus Thumbstick Sheet.png using Guid(9fdf65abb12898540a9c7a961a5ca1e8) Importer(815301076,1909f56bfc062723c751e8b465ee728b)  -> (artifact id: 'f381ab8ac569e90e95993be2337feb41') in 0.047641 seconds
  Import took 0.051172 seconds .

========================================================================
Received Import Request.
  Time since last request: 1.608459 seconds.
  path: Assets/Xbox Controller/Controller sheets/Movement sheet.png
  artifactKey: Guid(c5432c598b729d745b17f08e7ea1cdcd) Importer(815301076,1909f56bfc062723c751e8b465ee728b)
Start importing Assets/Xbox Controller/Controller sheets/Movement sheet.png using Guid(c5432c598b729d745b17f08e7ea1cdcd) Importer(815301076,1909f56bfc062723c751e8b465ee728b)  -> (artifact id: '5e44c4fabc39ea0cece55aaaf928bb15') in 0.039835 seconds
  Import took 0.043489 seconds .

========================================================================
Received Import Request.
  Time since last request: 0.000283 seconds.
  path: Assets/Xbox Controller/Controller sheets/Other Buttons sheet.png
  artifactKey: Guid(07ae5d063100d5d43a353e0d35402336) Importer(815301076,1909f56bfc062723c751e8b465ee728b)
Start importing Assets/Xbox Controller/Controller sheets/Other Buttons sheet.png using Guid(07ae5d063100d5d43a353e0d35402336) Importer(815301076,1909f56bfc062723c751e8b465ee728b)  -> (artifact id: '51b2c2631ff40876f4adcdc3b93a8383') in 0.051668 seconds
  Import took 0.055420 seconds .

========================================================================
Received Import Request.
  Time since last request: 0.000223 seconds.
  path: Assets/Xbox Controller/Controller sheets/Movement sheet.png
  artifactKey: Guid(c5432c598b729d745b17f08e7ea1cdcd) Importer(815301076,1909f56bfc062723c751e8b465ee728b)
Start importing Assets/Xbox Controller/Controller sheets/Movement sheet.png using Guid(c5432c598b729d745b17f08e7ea1cdcd) Importer(815301076,1909f56bfc062723c751e8b465ee728b)  -> (artifact id: '5e44c4fabc39ea0cece55aaaf928bb15') in 0.040899 seconds
  Import took 0.044208 seconds .

========================================================================
Received Prepare
Registering precompiled user dll's ...
Registered in 0.001219 seconds.
Begin MonoManager ReloadAssembly
Native extension for WindowsStandalone target not found
Native extension for WebGL target not found
Refreshing native plugins compatible for Editor in 0.47 ms, found 1 plugins.
Preloading 0 native plugins for Editor in 0.00 ms.
Invoked RoslynAnalysisRunner static constructor.
RoslynAnalysisRunner will not be running.
RoslynAnalysisRunner has terminated.
Mono: successfully reloaded assembly
- Completed reload, in  1.148 seconds
Platform modules already initialized, skipping
Switching build target platform(5) subTarget(0) extendedPlatform(0) -> platform(9) subTarget(16777218) extendedPlatform(0)
Refreshing native plugins compatible for Editor in 0.43 ms, found 1 plugins.
Preloading 0 native plugins for Editor in 0.00 ms.
Unloading 1810 Unused Serialized files (Serialized files now loaded: 0)
System memory in use before: 88.4 MB.
System memory in use after: 88.5 MB.

Unloading 11 unused Assets to reduce memory usage. Loaded Objects now: 2280.
Total: 3.385900 ms (FindLiveObjects: 0.420500 ms CreateObjectMapping: 0.084600 ms MarkObjects: 2.741600 ms  DeleteObjects: 0.136600 ms)

AssetImportParameters requested are different than current active one (requested -> active):
  custom:graphics/normal-map-encoding: 01000000000000000000000000000000 -> 02000000000000000000000000000000
========================================================================
Received Prepare
Registering precompiled user dll's ...
Registered in 0.001296 seconds.
Begin MonoManager ReloadAssembly
Native extension for WindowsStandalone target not found
Native extension for WebGL target not found
Refreshing native plugins compatible for Editor in 0.49 ms, found 1 plugins.
Preloading 0 native plugins for Editor in 0.00 ms.
Invoked RoslynAnalysisRunner static constructor.
RoslynAnalysisRunner will not be running.
RoslynAnalysisRunner has terminated.
Mono: successfully reloaded assembly
- Completed reload, in  1.174 seconds
Platform modules already initialized, skipping
Switching build target platform(5) subTarget(0) extendedPlatform(0) -> platform(9) subTarget(16777218) extendedPlatform(0)
Refreshing native plugins compatible for Editor in 0.56 ms, found 1 plugins.
Preloading 0 native plugins for Editor in 0.00 ms.
Unloading 1810 Unused Serialized files (Serialized files now loaded: 0)
System memory in use before: 88.5 MB.
System memory in use after: 88.5 MB.

Unloading 11 unused Assets to reduce memory usage. Loaded Objects now: 2283.
Total: 3.009400 ms (FindLiveObjects: 0.259900 ms CreateObjectMapping: 0.062100 ms MarkObjects: 2.555700 ms  DeleteObjects: 0.129800 ms)

AssetImportParameters requested are different than current active one (requested -> active):
  custom:graphics/normal-map-encoding: 01000000000000000000000000000000 -> 02000000000000000000000000000000
========================================================================
Received Prepare
Registering precompiled user dll's ...
Registered in 0.001308 seconds.
Begin MonoManager ReloadAssembly
Native extension for WindowsStandalone target not found
Native extension for WebGL target not found
Refreshing native plugins compatible for Editor in 0.51 ms, found 1 plugins.
Preloading 0 native plugins for Editor in 0.00 ms.
Invoked RoslynAnalysisRunner static constructor.
RoslynAnalysisRunner will not be running.
RoslynAnalysisRunner has terminated.
Mono: successfully reloaded assembly
- Completed reload, in  1.097 seconds
Platform modules already initialized, skipping
Switching build target platform(5) subTarget(0) extendedPlatform(0) -> platform(9) subTarget(16777218) extendedPlatform(0)
Refreshing native plugins compatible for Editor in 0.45 ms, found 1 plugins.
Preloading 0 native plugins for Editor in 0.00 ms.
Unloading 1810 Unused Serialized files (Serialized files now loaded: 0)
System memory in use before: 88.6 MB.
System memory in use after: 88.6 MB.

Unloading 11 unused Assets to reduce memory usage. Loaded Objects now: 2286.
Total: 2.341700 ms (FindLiveObjects: 0.228100 ms CreateObjectMapping: 0.043000 ms MarkObjects: 1.944100 ms  DeleteObjects: 0.125200 ms)

AssetImportParameters requested are different than current active one (requested -> active):
  custom:graphics/normal-map-encoding: 01000000000000000000000000000000 -> 02000000000000000000000000000000
========================================================================
Received Prepare
Registering precompiled user dll's ...
Registered in 0.001398 seconds.
Begin MonoManager ReloadAssembly
Native extension for WindowsStandalone target not found
Native extension for WebGL target not found
Refreshing native plugins compatible for Editor in 0.63 ms, found 1 plugins.
Preloading 0 native plugins for Editor in 0.00 ms.
Invoked RoslynAnalysisRunner static constructor.
RoslynAnalysisRunner will not be running.
RoslynAnalysisRunner has terminated.
Mono: successfully reloaded assembly
- Completed reload, in  1.174 seconds
Platform modules already initialized, skipping
Switching build target platform(5) subTarget(0) extendedPlatform(0) -> platform(9) subTarget(16777218) extendedPlatform(0)
Refreshing native plugins compatible for Editor in 0.77 ms, found 1 plugins.
Preloading 0 native plugins for Editor in 0.00 ms.
Unloading 1810 Unused Serialized files (Serialized files now loaded: 0)
System memory in use before: 88.6 MB.
System memory in use after: 88.6 MB.

Unloading 11 unused Assets to reduce memory usage. Loaded Objects now: 2289.
Total: 3.528300 ms (FindLiveObjects: 0.519100 ms CreateObjectMapping: 0.152800 ms MarkObjects: 2.705100 ms  DeleteObjects: 0.149600 ms)

AssetImportParameters requested are different than current active one (requested -> active):
  custom:graphics/normal-map-encoding: 01000000000000000000000000000000 -> 02000000000000000000000000000000
========================================================================
Received Prepare
Registering precompiled user dll's ...
Registered in 0.001450 seconds.
Begin MonoManager ReloadAssembly
Native extension for WindowsStandalone target not found
Native extension for WebGL target not found
Refreshing native plugins compatible for Editor in 0.50 ms, found 1 plugins.
Preloading 0 native plugins for Editor in 0.00 ms.
Invoked RoslynAnalysisRunner static constructor.
RoslynAnalysisRunner will not be running.
RoslynAnalysisRunner has terminated.
Mono: successfully reloaded assembly
- Completed reload, in  1.084 seconds
Platform modules already initialized, skipping
Switching build target platform(5) subTarget(0) extendedPlatform(0) -> platform(9) subTarget(16777218) extendedPlatform(0)
Refreshing native plugins compatible for Editor in 0.69 ms, found 1 plugins.
Preloading 0 native plugins for Editor in 0.00 ms.
Unloading 1810 Unused Serialized files (Serialized files now loaded: 0)
System memory in use before: 88.7 MB.
System memory in use after: 88.7 MB.

Unloading 11 unused Assets to reduce memory usage. Loaded Objects now: 2292.
Total: 2.729600 ms (FindLiveObjects: 0.252400 ms CreateObjectMapping: 0.055700 ms MarkObjects: 2.289400 ms  DeleteObjects: 0.130700 ms)

AssetImportParameters requested are different than current active one (requested -> active):
  custom:graphics/normal-map-encoding: 01000000000000000000000000000000 -> 02000000000000000000000000000000
========================================================================
Received Prepare
Registering precompiled user dll's ...
Registered in 0.001673 seconds.
Begin MonoManager ReloadAssembly
Native extension for WindowsStandalone target not found
Native extension for WebGL target not found
Refreshing native plugins compatible for Editor in 0.52 ms, found 1 plugins.
Preloading 0 native plugins for Editor in 0.00 ms.
Invoked RoslynAnalysisRunner static constructor.
RoslynAnalysisRunner will not be running.
RoslynAnalysisRunner has terminated.
Mono: successfully reloaded assembly
- Completed reload, in  1.105 seconds
Platform modules already initialized, skipping
Switching build target platform(5) subTarget(0) extendedPlatform(0) -> platform(9) subTarget(16777218) extendedPlatform(0)
Refreshing native plugins compatible for Editor in 0.46 ms, found 1 plugins.
Preloading 0 native plugins for Editor in 0.00 ms.
Unloading 1810 Unused Serialized files (Serialized files now loaded: 0)
System memory in use before: 88.7 MB.
System memory in use after: 88.8 MB.

Unloading 11 unused Assets to reduce memory usage. Loaded Objects now: 2295.
Total: 2.803600 ms (FindLiveObjects: 0.235400 ms CreateObjectMapping: 0.043700 ms MarkObjects: 2.375400 ms  DeleteObjects: 0.148000 ms)

AssetImportParameters requested are different than current active one (requested -> active):
  custom:graphics/normal-map-encoding: 01000000000000000000000000000000 -> 02000000000000000000000000000000
========================================================================
Received Prepare
Registering precompiled user dll's ...
Registered in 0.001966 seconds.
Begin MonoManager ReloadAssembly
Native extension for WindowsStandalone target not found
Native extension for WebGL target not found
Refreshing native plugins compatible for Editor in 0.68 ms, found 1 plugins.
Preloading 0 native plugins for Editor in 0.00 ms.
Invoked RoslynAnalysisRunner static constructor.
RoslynAnalysisRunner will not be running.
RoslynAnalysisRunner has terminated.
Mono: successfully reloaded assembly
- Completed reload, in  1.207 seconds
Platform modules already initialized, skipping
Switching build target platform(5) subTarget(0) extendedPlatform(0) -> platform(9) subTarget(16777218) extendedPlatform(0)
Refreshing native plugins compatible for Editor in 0.41 ms, found 1 plugins.
Preloading 0 native plugins for Editor in 0.00 ms.
Unloading 1810 Unused Serialized files (Serialized files now loaded: 0)
System memory in use before: 88.8 MB.
System memory in use after: 88.8 MB.

Unloading 11 unused Assets to reduce memory usage. Loaded Objects now: 2298.
Total: 2.479900 ms (FindLiveObjects: 0.357800 ms CreateObjectMapping: 0.099600 ms MarkObjects: 1.896500 ms  DeleteObjects: 0.122300 ms)

AssetImportParameters requested are different than current active one (requested -> active):
  custom:graphics/normal-map-encoding: 01000000000000000000000000000000 -> 02000000000000000000000000000000
========================================================================
Received Prepare
Registering precompiled user dll's ...
Registered in 0.001926 seconds.
Begin MonoManager ReloadAssembly
Native extension for WindowsStandalone target not found
Native extension for WebGL target not found
Refreshing native plugins compatible for Editor in 0.47 ms, found 1 plugins.
Preloading 0 native plugins for Editor in 0.00 ms.
Invoked RoslynAnalysisRunner static constructor.
RoslynAnalysisRunner will not be running.
RoslynAnalysisRunner has terminated.
Mono: successfully reloaded assembly
- Completed reload, in  1.052 seconds
Platform modules already initialized, skipping
Switching build target platform(5) subTarget(0) extendedPlatform(0) -> platform(9) subTarget(16777218) extendedPlatform(0)
Refreshing native plugins compatible for Editor in 0.46 ms, found 1 plugins.
Preloading 0 native plugins for Editor in 0.00 ms.
Unloading 1810 Unused Serialized files (Serialized files now loaded: 0)
System memory in use before: 88.9 MB.
System memory in use after: 88.9 MB.

Unloading 11 unused Assets to reduce memory usage. Loaded Objects now: 2301.
Total: 2.801500 ms (FindLiveObjects: 0.263400 ms CreateObjectMapping: 0.056500 ms MarkObjects: 2.338700 ms  DeleteObjects: 0.141400 ms)

AssetImportParameters requested are different than current active one (requested -> active):
  custom:graphics/normal-map-encoding: 01000000000000000000000000000000 -> 02000000000000000000000000000000
========================================================================
Received Prepare
Registering precompiled user dll's ...
Registered in 0.001403 seconds.
Begin MonoManager ReloadAssembly
Native extension for WindowsStandalone target not found
Native extension for WebGL target not found
Refreshing native plugins compatible for Editor in 0.43 ms, found 1 plugins.
Preloading 0 native plugins for Editor in 0.00 ms.
Invoked RoslynAnalysisRunner static constructor.
RoslynAnalysisRunner will not be running.
RoslynAnalysisRunner has terminated.
Mono: successfully reloaded assembly
- Completed reload, in  1.085 seconds
Platform modules already initialized, skipping
Switching build target platform(5) subTarget(0) extendedPlatform(0) -> platform(9) subTarget(16777218) extendedPlatform(0)
Refreshing native plugins compatible for Editor in 0.43 ms, found 1 plugins.
Preloading 0 native plugins for Editor in 0.00 ms.
Unloading 1810 Unused Serialized files (Serialized files now loaded: 0)
System memory in use before: 88.9 MB.
System memory in use after: 89.0 MB.

Unloading 11 unused Assets to reduce memory usage. Loaded Objects now: 2304.
Total: 3.344300 ms (FindLiveObjects: 0.443600 ms CreateObjectMapping: 0.076100 ms MarkObjects: 2.672500 ms  DeleteObjects: 0.149100 ms)

AssetImportParameters requested are different than current active one (requested -> active):
  custom:graphics/normal-map-encoding: 01000000000000000000000000000000 -> 02000000000000000000000000000000
========================================================================
Received Prepare
Registering precompiled user dll's ...
Registered in 0.001440 seconds.
Begin MonoManager ReloadAssembly
Native extension for WindowsStandalone target not found
Native extension for WebGL target not found
Refreshing native plugins compatible for Editor in 0.47 ms, found 1 plugins.
Preloading 0 native plugins for Editor in 0.00 ms.
Invoked RoslynAnalysisRunner static constructor.
RoslynAnalysisRunner will not be running.
RoslynAnalysisRunner has terminated.
Mono: successfully reloaded assembly
- Completed reload, in  1.077 seconds
Platform modules already initialized, skipping
Switching build target platform(5) subTarget(0) extendedPlatform(0) -> platform(9) subTarget(16777218) extendedPlatform(0)
Refreshing native plugins compatible for Editor in 0.46 ms, found 1 plugins.
Preloading 0 native plugins for Editor in 0.00 ms.
Unloading 1810 Unused Serialized files (Serialized files now loaded: 0)
System memory in use before: 89.0 MB.
System memory in use after: 89.0 MB.

Unloading 11 unused Assets to reduce memory usage. Loaded Objects now: 2307.
Total: 3.053600 ms (FindLiveObjects: 0.261000 ms CreateObjectMapping: 0.061300 ms MarkObjects: 2.578200 ms  DeleteObjects: 0.151700 ms)

AssetImportParameters requested are different than current active one (requested -> active):
  custom:graphics/normal-map-encoding: 01000000000000000000000000000000 -> 02000000000000000000000000000000
========================================================================
Received Prepare
Registering precompiled user dll's ...
Registered in 0.001159 seconds.
Begin MonoManager ReloadAssembly
Native extension for WindowsStandalone target not found
Native extension for WebGL target not found
Refreshing native plugins compatible for Editor in 0.42 ms, found 1 plugins.
Preloading 0 native plugins for Editor in 0.00 ms.
Invoked RoslynAnalysisRunner static constructor.
RoslynAnalysisRunner will not be running.
RoslynAnalysisRunner has terminated.
Mono: successfully reloaded assembly
- Completed reload, in  1.084 seconds
Platform modules already initialized, skipping
Switching build target platform(5) subTarget(0) extendedPlatform(0) -> platform(9) subTarget(16777218) extendedPlatform(0)
Refreshing native plugins compatible for Editor in 0.42 ms, found 1 plugins.
Preloading 0 native plugins for Editor in 0.00 ms.
Unloading 1810 Unused Serialized files (Serialized files now loaded: 0)
System memory in use before: 89.0 MB.
System memory in use after: 89.1 MB.

Unloading 11 unused Assets to reduce memory usage. Loaded Objects now: 2310.
Total: 3.209900 ms (FindLiveObjects: 0.255200 ms CreateObjectMapping: 0.058700 ms MarkObjects: 2.767500 ms  DeleteObjects: 0.126400 ms)

AssetImportParameters requested are different than current active one (requested -> active):
  custom:graphics/normal-map-encoding: 01000000000000000000000000000000 -> 02000000000000000000000000000000
========================================================================
Received Prepare
Registering precompiled user dll's ...
Registered in 0.001299 seconds.
Begin MonoManager ReloadAssembly
Native extension for WindowsStandalone target not found
Native extension for WebGL target not found
Refreshing native plugins compatible for Editor in 0.42 ms, found 1 plugins.
Preloading 0 native plugins for Editor in 0.00 ms.
Invoked RoslynAnalysisRunner static constructor.
RoslynAnalysisRunner will not be running.
RoslynAnalysisRunner has terminated.
Mono: successfully reloaded assembly
- Completed reload, in  1.070 seconds
Platform modules already initialized, skipping
Switching build target platform(5) subTarget(0) extendedPlatform(0) -> platform(9) subTarget(16777218) extendedPlatform(0)
Refreshing native plugins compatible for Editor in 0.51 ms, found 1 plugins.
Preloading 0 native plugins for Editor in 0.00 ms.
Unloading 1810 Unused Serialized files (Serialized files now loaded: 0)
System memory in use before: 89.1 MB.
System memory in use after: 89.1 MB.

Unloading 11 unused Assets to reduce memory usage. Loaded Objects now: 2313.
Total: 5.126800 ms (FindLiveObjects: 1.028100 ms CreateObjectMapping: 0.284500 ms MarkObjects: 3.662700 ms  DeleteObjects: 0.149100 ms)

AssetImportParameters requested are different than current active one (requested -> active):
  custom:graphics/normal-map-encoding: 01000000000000000000000000000000 -> 02000000000000000000000000000000
========================================================================
Received Prepare
Registering precompiled user dll's ...
Registered in 0.001252 seconds.
Begin MonoManager ReloadAssembly
Native extension for WindowsStandalone target not found
Native extension for WebGL target not found
Refreshing native plugins compatible for Editor in 0.51 ms, found 1 plugins.
Preloading 0 native plugins for Editor in 0.00 ms.
Invoked RoslynAnalysisRunner static constructor.
RoslynAnalysisRunner will not be running.
RoslynAnalysisRunner has terminated.
Mono: successfully reloaded assembly
- Completed reload, in  1.099 seconds
Platform modules already initialized, skipping
Switching build target platform(5) subTarget(0) extendedPlatform(0) -> platform(9) subTarget(16777218) extendedPlatform(0)
Refreshing native plugins compatible for Editor in 0.42 ms, found 1 plugins.
Preloading 0 native plugins for Editor in 0.00 ms.
Unloading 1810 Unused Serialized files (Serialized files now loaded: 0)
System memory in use before: 89.2 MB.
System memory in use after: 89.2 MB.

Unloading 11 unused Assets to reduce memory usage. Loaded Objects now: 2316.
Total: 2.872700 ms (FindLiveObjects: 0.257200 ms CreateObjectMapping: 0.054100 ms MarkObjects: 2.415900 ms  DeleteObjects: 0.143600 ms)

AssetImportParameters requested are different than current active one (requested -> active):
  custom:graphics/normal-map-encoding: 01000000000000000000000000000000 -> 02000000000000000000000000000000
========================================================================
Received Import Request.
  Time since last request: 1765.548867 seconds.
  path: Assets/Prefabs/KnightMan_0.prefab
  artifactKey: Guid(e78a3c5a4932db3499ca0b58ffa46a83) Importer(815301076,1909f56bfc062723c751e8b465ee728b)
Start importing Assets/Prefabs/KnightMan_0.prefab using Guid(e78a3c5a4932db3499ca0b58ffa46a83) Importer(815301076,1909f56bfc062723c751e8b465ee728b)  -> (artifact id: 'cc1a253d6bd9672f3fd388779e610d6a') in 1.685732 seconds
  Import took 1.690381 seconds .

========================================================================
Received Import Request.
  Time since last request: 0.003199 seconds.
  path: Assets/Prefabs/KnightMan_0.prefab
  artifactKey: Guid(e78a3c5a4932db3499ca0b58ffa46a83) Importer(815301076,1909f56bfc062723c751e8b465ee728b)
Start importing Assets/Prefabs/KnightMan_0.prefab using Guid(e78a3c5a4932db3499ca0b58ffa46a83) Importer(815301076,1909f56bfc062723c751e8b465ee728b)  -> (artifact id: 'cc1a253d6bd9672f3fd388779e610d6a') in 0.020888 seconds
  Import took 0.025301 seconds .

========================================================================
Received Prepare
Registering precompiled user dll's ...
Registered in 0.001687 seconds.
Begin MonoManager ReloadAssembly
Native extension for WindowsStandalone target not found
Native extension for WebGL target not found
Refreshing native plugins compatible for Editor in 0.48 ms, found 1 plugins.
Preloading 0 native plugins for Editor in 0.00 ms.
Invoked RoslynAnalysisRunner static constructor.
RoslynAnalysisRunner will not be running.
RoslynAnalysisRunner has terminated.
Mono: successfully reloaded assembly
- Completed reload, in  1.122 seconds
Platform modules already initialized, skipping
Switching build target platform(5) subTarget(0) extendedPlatform(0) -> platform(9) subTarget(16777218) extendedPlatform(0)
Refreshing native plugins compatible for Editor in 0.47 ms, found 1 plugins.
Preloading 0 native plugins for Editor in 0.00 ms.
Unloading 1810 Unused Serialized files (Serialized files now loaded: 0)
System memory in use before: 89.2 MB.
System memory in use after: 89.2 MB.

Unloading 11 unused Assets to reduce memory usage. Loaded Objects now: 2320.
Total: 4.310100 ms (FindLiveObjects: 0.379100 ms CreateObjectMapping: 0.109700 ms MarkObjects: 3.646300 ms  DeleteObjects: 0.172200 ms)

AssetImportParameters requested are different than current active one (requested -> active):
  custom:graphics/normal-map-encoding: 01000000000000000000000000000000 -> 02000000000000000000000000000000
========================================================================
Received Import Request.
  Time since last request: 5.291563 seconds.
  path: Assets/Prefabs/Canvas.prefab
  artifactKey: Guid(d3f012dd8942faf4a9575e9599dd26e2) Importer(815301076,1909f56bfc062723c751e8b465ee728b)
Start importing Assets/Prefabs/Canvas.prefab using Guid(d3f012dd8942faf4a9575e9599dd26e2) Importer(815301076,1909f56bfc062723c751e8b465ee728b)  -> (artifact id: '1def5f7ba7b86985cb13c72ecff244c2') in 0.075884 seconds
  Import took 0.123240 seconds .

========================================================================
Received Import Request.
  Time since last request: 26.286794 seconds.
  path: Assets/Scenes/Lvl4.unity
  artifactKey: Guid(5f639ae8dd2f7454f99edc0d7c5eae75) Importer(815301076,1909f56bfc062723c751e8b465ee728b)
Start importing Assets/Scenes/Lvl4.unity using Guid(5f639ae8dd2f7454f99edc0d7c5eae75) Importer(815301076,1909f56bfc062723c751e8b465ee728b)  -> (artifact id: '837efd2ff3dd28cc08c81bdaff0ca1e6') in 0.004884 seconds
  Import took 0.009104 seconds .

========================================================================
Received Import Request.
  Time since last request: 12.350208 seconds.
  path: Assets/Scenes/Lvl5.unity
  artifactKey: Guid(4242463c9df831048abdf4d94d4a6164) Importer(815301076,1909f56bfc062723c751e8b465ee728b)
Start importing Assets/Scenes/Lvl5.unity using Guid(4242463c9df831048abdf4d94d4a6164) Importer(815301076,1909f56bfc062723c751e8b465ee728b)  -> (artifact id: '730b831302034b5de2a00f6ea1efd351') in 0.004379 seconds
  Import took 0.008215 seconds .

========================================================================
Received Import Request.
  Time since last request: 10.170443 seconds.
  path: Assets/Scenes/Lvl6.unity
  artifactKey: Guid(b8ab0dfa6b34fac43bfa32bd679be73d) Importer(815301076,1909f56bfc062723c751e8b465ee728b)
Start importing Assets/Scenes/Lvl6.unity using Guid(b8ab0dfa6b34fac43bfa32bd679be73d) Importer(815301076,1909f56bfc062723c751e8b465ee728b)  -> (artifact id: '70c62dec6b8489065aaa09d1bf9da16b') in 0.004267 seconds
  Import took 0.065054 seconds .

========================================================================
Received Import Request.
  Time since last request: 10.548110 seconds.
  path: Assets/Scenes/Lvl7.unity
  artifactKey: Guid(bc8cf68899279654b9b4978146842a69) Importer(815301076,1909f56bfc062723c751e8b465ee728b)
Start importing Assets/Scenes/Lvl7.unity using Guid(bc8cf68899279654b9b4978146842a69) Importer(815301076,1909f56bfc062723c751e8b465ee728b)  -> (artifact id: 'c6932edaeae36b553a91d7c76ef92b52') in 0.004128 seconds
  Import took 0.044447 seconds .

========================================================================
Received Import Request.
  Time since last request: 11.034344 seconds.
  path: Assets/Scenes/Lvl8.unity
  artifactKey: Guid(0e859065f2e524247b790e01f056754c) Importer(815301076,1909f56bfc062723c751e8b465ee728b)
Start importing Assets/Scenes/Lvl8.unity using Guid(0e859065f2e524247b790e01f056754c) Importer(815301076,1909f56bfc062723c751e8b465ee728b)  -> (artifact id: '227894b3acb53df2b104dba2531fa85c') in 0.004364 seconds
  Import took 0.068976 seconds .

========================================================================
Received Import Request.
  Time since last request: 23.331197 seconds.
  path: Assets/Scenes/Lvl9.unity
  artifactKey: Guid(0bc03326db5e8ab48ad69c5605cbf87d) Importer(815301076,1909f56bfc062723c751e8b465ee728b)
Start importing Assets/Scenes/Lvl9.unity using Guid(0bc03326db5e8ab48ad69c5605cbf87d) Importer(815301076,1909f56bfc062723c751e8b465ee728b)  -> (artifact id: 'c21b80193596c35b85341b3536525855') in 0.003784 seconds
  Import took 0.317058 seconds .

========================================================================
Received Import Request.
  Time since last request: 17.627370 seconds.
  path: Assets/Scenes/Lvl10.unity
  artifactKey: Guid(cca640c6f00a82f458276b0e052714e7) Importer(815301076,1909f56bfc062723c751e8b465ee728b)
Start importing Assets/Scenes/Lvl10.unity using Guid(cca640c6f00a82f458276b0e052714e7) Importer(815301076,1909f56bfc062723c751e8b465ee728b)  -> (artifact id: '97694debc1239fd0aac4993a7591f130') in 0.004278 seconds
  Import took 0.041285 seconds .

========================================================================
Received Import Request.
  Time since last request: 21.173639 seconds.
  path: Assets/Scenes/Lvl11.unity
  artifactKey: Guid(af8e89328999ca044817908df78480fb) Importer(815301076,1909f56bfc062723c751e8b465ee728b)
Start importing Assets/Scenes/Lvl11.unity using Guid(af8e89328999ca044817908df78480fb) Importer(815301076,1909f56bfc062723c751e8b465ee728b)  -> (artifact id: '23dc8ae23d70465c66edbbd48587ab30') in 0.003858 seconds
  Import took 0.007557 seconds .

========================================================================
Received Import Request.
  Time since last request: 10.800154 seconds.
  path: Assets/Scenes/Lvl12.unity
  artifactKey: Guid(7fa8e9fe5735d8a4bb348dd705b4cfd2) Importer(815301076,1909f56bfc062723c751e8b465ee728b)
Start importing Assets/Scenes/Lvl12.unity using Guid(7fa8e9fe5735d8a4bb348dd705b4cfd2) Importer(815301076,1909f56bfc062723c751e8b465ee728b)  -> (artifact id: '63f752f3c0bfd5005b95b101940b4e4a') in 0.004697 seconds
  Import took 0.040608 seconds .

========================================================================
Received Import Request.
  Time since last request: 20.451787 seconds.
  path: Assets/Prefabs/KnightMan_0.prefab
  artifactKey: Guid(e78a3c5a4932db3499ca0b58ffa46a83) Importer(815301076,1909f56bfc062723c751e8b465ee728b)
Start importing Assets/Prefabs/KnightMan_0.prefab using Guid(e78a3c5a4932db3499ca0b58ffa46a83) Importer(815301076,1909f56bfc062723c751e8b465ee728b)  -> (artifact id: 'ba94344e3ecd3c101fa8a5f840600d84') in 0.062359 seconds
  Import took 0.113953 seconds .

========================================================================
Received Import Request.
  Time since last request: 7.346672 seconds.
  path: Assets/Scenes/Lvl1.unity
  artifactKey: Guid(2cda990e2423bbf4892e6590ba056729) Importer(815301076,1909f56bfc062723c751e8b465ee728b)
Start importing Assets/Scenes/Lvl1.unity using Guid(2cda990e2423bbf4892e6590ba056729) Importer(815301076,1909f56bfc062723c751e8b465ee728b)  -> (artifact id: 'd257f9c309c0e023f02256a13d3f8658') in 0.033675 seconds
  Import took 0.072571 seconds .

========================================================================
Received Prepare
Registering precompiled user dll's ...
Registered in 0.001617 seconds.
Begin MonoManager ReloadAssembly
Native extension for WindowsStandalone target not found
Native extension for WebGL target not found
Refreshing native plugins compatible for Editor in 0.51 ms, found 1 plugins.
Preloading 0 native plugins for Editor in 0.00 ms.
Invoked RoslynAnalysisRunner static constructor.
RoslynAnalysisRunner will not be running.
RoslynAnalysisRunner has terminated.
Mono: successfully reloaded assembly
- Completed reload, in  1.181 seconds
Platform modules already initialized, skipping
Switching build target platform(5) subTarget(0) extendedPlatform(0) -> platform(9) subTarget(16777218) extendedPlatform(0)
Refreshing native plugins compatible for Editor in 0.56 ms, found 1 plugins.
Preloading 0 native plugins for Editor in 0.00 ms.
Unloading 1810 Unused Serialized files (Serialized files now loaded: 0)
System memory in use before: 89.4 MB.
System memory in use after: 89.5 MB.

Unloading 11 unused Assets to reduce memory usage. Loaded Objects now: 2326.
Total: 3.089900 ms (FindLiveObjects: 0.264900 ms CreateObjectMapping: 0.059400 ms MarkObjects: 2.620500 ms  DeleteObjects: 0.143500 ms)

AssetImportParameters requested are different than current active one (requested -> active):
  custom:graphics/normal-map-encoding: 01000000000000000000000000000000 -> 02000000000000000000000000000000
========================================================================
Received Prepare
Registering precompiled user dll's ...
Registered in 0.001391 seconds.
Begin MonoManager ReloadAssembly
Native extension for WindowsStandalone target not found
Native extension for WebGL target not found
Refreshing native plugins compatible for Editor in 0.43 ms, found 1 plugins.
Preloading 0 native plugins for Editor in 0.00 ms.
Invoked RoslynAnalysisRunner static constructor.
RoslynAnalysisRunner will not be running.
RoslynAnalysisRunner has terminated.
Mono: successfully reloaded assembly
- Completed reload, in  1.086 seconds
Platform modules already initialized, skipping
Switching build target platform(5) subTarget(0) extendedPlatform(0) -> platform(9) subTarget(16777218) extendedPlatform(0)
Refreshing native plugins compatible for Editor in 0.41 ms, found 1 plugins.
Preloading 0 native plugins for Editor in 0.00 ms.
Unloading 1810 Unused Serialized files (Serialized files now loaded: 0)
System memory in use before: 89.5 MB.
System memory in use after: 89.5 MB.

Unloading 11 unused Assets to reduce memory usage. Loaded Objects now: 2329.
Total: 3.121000 ms (FindLiveObjects: 0.442100 ms CreateObjectMapping: 0.279300 ms MarkObjects: 2.276500 ms  DeleteObjects: 0.120400 ms)

AssetImportParameters requested are different than current active one (requested -> active):
  custom:graphics/normal-map-encoding: 01000000000000000000000000000000 -> 02000000000000000000000000000000
========================================================================
Received Import Request.
  Time since last request: 76.913494 seconds.
  path: Assets/Scenes/Lvl2.unity
  artifactKey: Guid(943153fe112578648ba5771856205fad) Importer(815301076,1909f56bfc062723c751e8b465ee728b)
Start importing Assets/Scenes/Lvl2.unity using Guid(943153fe112578648ba5771856205fad) Importer(815301076,1909f56bfc062723c751e8b465ee728b)  -> (artifact id: '5d1e51948f396b379ac959daa602ecae') in 0.014675 seconds
  Import took 0.019128 seconds .

========================================================================
Received Import Request.
  Time since last request: 14.601966 seconds.
  path: Assets/Scenes/Lvl3.unity
  artifactKey: Guid(55a91843faa5e5d4092ea2e6b12f1ed4) Importer(815301076,1909f56bfc062723c751e8b465ee728b)
Start importing Assets/Scenes/Lvl3.unity using Guid(55a91843faa5e5d4092ea2e6b12f1ed4) Importer(815301076,1909f56bfc062723c751e8b465ee728b)  -> (artifact id: 'b8fae71a9739c4a52e37eda47df2c2d1') in 0.004440 seconds
  Import took 0.008517 seconds .

========================================================================
Received Import Request.
  Time since last request: 10.613531 seconds.
  path: Assets/Scenes/Lvl4.unity
  artifactKey: Guid(5f639ae8dd2f7454f99edc0d7c5eae75) Importer(815301076,1909f56bfc062723c751e8b465ee728b)
Start importing Assets/Scenes/Lvl4.unity using Guid(5f639ae8dd2f7454f99edc0d7c5eae75) Importer(815301076,1909f56bfc062723c751e8b465ee728b)  -> (artifact id: 'ed7b7515d8c62310ad8660fe99188a9f') in 0.003338 seconds
  Import took 0.088308 seconds .

========================================================================
Received Import Request.
  Time since last request: 11.696764 seconds.
  path: Assets/Scenes/Lvl5.unity
  artifactKey: Guid(4242463c9df831048abdf4d94d4a6164) Importer(815301076,1909f56bfc062723c751e8b465ee728b)
Start importing Assets/Scenes/Lvl5.unity using Guid(4242463c9df831048abdf4d94d4a6164) Importer(815301076,1909f56bfc062723c751e8b465ee728b)  -> (artifact id: 'c493cc5f21f8419d91492d77b27351c5') in 0.003902 seconds
  Import took 0.008057 seconds .

========================================================================
Received Import Request.
  Time since last request: 10.200339 seconds.
  path: Assets/Scenes/Lvl6.unity
  artifactKey: Guid(b8ab0dfa6b34fac43bfa32bd679be73d) Importer(815301076,1909f56bfc062723c751e8b465ee728b)
Start importing Assets/Scenes/Lvl6.unity using Guid(b8ab0dfa6b34fac43bfa32bd679be73d) Importer(815301076,1909f56bfc062723c751e8b465ee728b)  -> (artifact id: 'dc79510fce27029e3ec76829cc204dfd') in 0.004188 seconds
  Import took 0.047363 seconds .

========================================================================
Received Import Request.
  Time since last request: 8.391736 seconds.
  path: Assets/Scenes/Lvl7.unity
  artifactKey: Guid(bc8cf68899279654b9b4978146842a69) Importer(815301076,1909f56bfc062723c751e8b465ee728b)
Start importing Assets/Scenes/Lvl7.unity using Guid(bc8cf68899279654b9b4978146842a69) Importer(815301076,1909f56bfc062723c751e8b465ee728b)  -> (artifact id: '8c36dba6ad208e34157e0ea1b64b13de') in 0.003778 seconds
  Import took 0.068720 seconds .

========================================================================
Received Import Request.
  Time since last request: 10.819349 seconds.
  path: Assets/Scenes/Lvl8.unity
  artifactKey: Guid(0e859065f2e524247b790e01f056754c) Importer(815301076,1909f56bfc062723c751e8b465ee728b)
Start importing Assets/Scenes/Lvl8.unity using Guid(0e859065f2e524247b790e01f056754c) Importer(815301076,1909f56bfc062723c751e8b465ee728b)  -> (artifact id: '67d935ca35fb1020e718d9aeb1945fd7') in 0.003349 seconds
  Import took 0.006800 seconds .

========================================================================
Received Import Request.
  Time since last request: 17.696601 seconds.
  path: Assets/Scenes/Lvl9.unity
  artifactKey: Guid(0bc03326db5e8ab48ad69c5605cbf87d) Importer(815301076,1909f56bfc062723c751e8b465ee728b)
Start importing Assets/Scenes/Lvl9.unity using Guid(0bc03326db5e8ab48ad69c5605cbf87d) Importer(815301076,1909f56bfc062723c751e8b465ee728b)  -> (artifact id: '7150aeb7320adbf4aeacafaab10d6e3d') in 0.003941 seconds
  Import took 0.067546 seconds .

========================================================================
Received Import Request.
  Time since last request: 8.389106 seconds.
  path: Assets/Scenes/Lvl10.unity
  artifactKey: Guid(cca640c6f00a82f458276b0e052714e7) Importer(815301076,1909f56bfc062723c751e8b465ee728b)
Start importing Assets/Scenes/Lvl10.unity using Guid(cca640c6f00a82f458276b0e052714e7) Importer(815301076,1909f56bfc062723c751e8b465ee728b)  -> (artifact id: 'e57b84bcf323336db668fc4fbba311d8') in 0.003484 seconds
  Import took 0.049085 seconds .

========================================================================
Received Import Request.
  Time since last request: 8.949916 seconds.
  path: Assets/Scenes/Lvl11.unity
  artifactKey: Guid(af8e89328999ca044817908df78480fb) Importer(815301076,1909f56bfc062723c751e8b465ee728b)
Start importing Assets/Scenes/Lvl11.unity using Guid(af8e89328999ca044817908df78480fb) Importer(815301076,1909f56bfc062723c751e8b465ee728b)  -> (artifact id: 'cda5183b2ed441b8af5fa5cf4a1d2b7e') in 0.003570 seconds
  Import took 0.033229 seconds .

========================================================================
Received Import Request.
  Time since last request: 7.751045 seconds.
  path: Assets/Scenes/Lvl12.unity
  artifactKey: Guid(7fa8e9fe5735d8a4bb348dd705b4cfd2) Importer(815301076,1909f56bfc062723c751e8b465ee728b)
Start importing Assets/Scenes/Lvl12.unity using Guid(7fa8e9fe5735d8a4bb348dd705b4cfd2) Importer(815301076,1909f56bfc062723c751e8b465ee728b)  -> (artifact id: '39e91615cfb252d622c93ccac7a31286') in 0.003794 seconds
  Import took 0.043055 seconds .

========================================================================
Received Import Request.
  Time since last request: 131.763651 seconds.
  path: Assets/Scripts/BulletScript.cs
  artifactKey: Guid(d991041ae39274c07af0828d5c8d7622) Importer(815301076,1909f56bfc062723c751e8b465ee728b)
Start importing Assets/Scripts/BulletScript.cs using Guid(d991041ae39274c07af0828d5c8d7622) Importer(815301076,1909f56bfc062723c751e8b465ee728b)  -> (artifact id: '8bc62cd565a2b4eb83bbfa78747f38e8') in 0.038664 seconds
  Import took 0.084975 seconds .

========================================================================
Received Prepare
Registering precompiled user dll's ...
Registered in 0.001450 seconds.
Begin MonoManager ReloadAssembly
Native extension for WindowsStandalone target not found
Native extension for WebGL target not found
Refreshing native plugins compatible for Editor in 0.48 ms, found 1 plugins.
Preloading 0 native plugins for Editor in 0.00 ms.
Invoked RoslynAnalysisRunner static constructor.
RoslynAnalysisRunner will not be running.
RoslynAnalysisRunner has terminated.
Mono: successfully reloaded assembly
- Completed reload, in  1.140 seconds
Platform modules already initialized, skipping
Switching build target platform(5) subTarget(0) extendedPlatform(0) -> platform(9) subTarget(16777218) extendedPlatform(0)
Refreshing native plugins compatible for Editor in 0.42 ms, found 1 plugins.
Preloading 0 native plugins for Editor in 0.00 ms.
Unloading 1810 Unused Serialized files (Serialized files now loaded: 0)
System memory in use before: 89.6 MB.
System memory in use after: 89.6 MB.

Unloading 11 unused Assets to reduce memory usage. Loaded Objects now: 2332.
Total: 2.983200 ms (FindLiveObjects: 0.263300 ms CreateObjectMapping: 0.054200 ms MarkObjects: 2.517600 ms  DeleteObjects: 0.146100 ms)

AssetImportParameters requested are different than current active one (requested -> active):
  custom:graphics/normal-map-encoding: 01000000000000000000000000000000 -> 02000000000000000000000000000000
========================================================================
Received Import Request.
  Time since last request: 24.908141 seconds.
  path: Assets/Prefabs/Ninja.prefab
  artifactKey: Guid(6dffa3e4351496e40bb95ebfa5b34381) Importer(815301076,1909f56bfc062723c751e8b465ee728b)
Start importing Assets/Prefabs/Ninja.prefab using Guid(6dffa3e4351496e40bb95ebfa5b34381) Importer(815301076,1909f56bfc062723c751e8b465ee728b)  -> (artifact id: 'bad0bb5ca7195548d1ba3eaaf74a1076') in 0.072256 seconds
  Import took 0.076055 seconds .

========================================================================
Received Import Request.
  Time since last request: 15.882393 seconds.
  path: Assets/Scenes/Lvl2.unity
  artifactKey: Guid(943153fe112578648ba5771856205fad) Importer(815301076,1909f56bfc062723c751e8b465ee728b)
Start importing Assets/Scenes/Lvl2.unity using Guid(943153fe112578648ba5771856205fad) Importer(815301076,1909f56bfc062723c751e8b465ee728b)  -> (artifact id: 'edb23cfcb06cc12020326c68ddbc8585') in 0.004261 seconds
  Import took 0.008633 seconds .

========================================================================
Received Prepare
Registering precompiled user dll's ...
Registered in 0.001603 seconds.
Begin MonoManager ReloadAssembly
Native extension for WindowsStandalone target not found
Native extension for WebGL target not found
Refreshing native plugins compatible for Editor in 0.47 ms, found 1 plugins.
Preloading 0 native plugins for Editor in 0.00 ms.
Invoked RoslynAnalysisRunner static constructor.
RoslynAnalysisRunner will not be running.
RoslynAnalysisRunner has terminated.
Mono: successfully reloaded assembly
- Completed reload, in  1.105 seconds
Platform modules already initialized, skipping
Switching build target platform(5) subTarget(0) extendedPlatform(0) -> platform(9) subTarget(16777218) extendedPlatform(0)
Refreshing native plugins compatible for Editor in 0.56 ms, found 1 plugins.
Preloading 0 native plugins for Editor in 0.00 ms.
Unloading 1810 Unused Serialized files (Serialized files now loaded: 0)
System memory in use before: 89.7 MB.
System memory in use after: 89.7 MB.

Unloading 11 unused Assets to reduce memory usage. Loaded Objects now: 2336.
Total: 3.342300 ms (FindLiveObjects: 0.269900 ms CreateObjectMapping: 0.069100 ms MarkObjects: 2.847100 ms  DeleteObjects: 0.154300 ms)

AssetImportParameters requested are different than current active one (requested -> active):
  custom:graphics/normal-map-encoding: 01000000000000000000000000000000 -> 02000000000000000000000000000000
========================================================================
Received Import Request.
  Time since last request: 64.362959 seconds.
  path: Assets/Prefabs/Ninja.prefab
  artifactKey: Guid(6dffa3e4351496e40bb95ebfa5b34381) Importer(815301076,1909f56bfc062723c751e8b465ee728b)
Start importing Assets/Prefabs/Ninja.prefab using Guid(6dffa3e4351496e40bb95ebfa5b34381) Importer(815301076,1909f56bfc062723c751e8b465ee728b)  -> (artifact id: '6a8452788ea940c54353a33e4731fece') in 0.072931 seconds
  Import took 0.122890 seconds .

========================================================================
Received Prepare
Registering precompiled user dll's ...
Registered in 0.001355 seconds.
Begin MonoManager ReloadAssembly
Native extension for WindowsStandalone target not found
Native extension for WebGL target not found
Refreshing native plugins compatible for Editor in 0.43 ms, found 1 plugins.
Preloading 0 native plugins for Editor in 0.00 ms.
Invoked RoslynAnalysisRunner static constructor.
RoslynAnalysisRunner will not be running.
RoslynAnalysisRunner has terminated.
Mono: successfully reloaded assembly
- Completed reload, in  1.053 seconds
Platform modules already initialized, skipping
Switching build target platform(5) subTarget(0) extendedPlatform(0) -> platform(9) subTarget(16777218) extendedPlatform(0)
Refreshing native plugins compatible for Editor in 0.42 ms, found 1 plugins.
Preloading 0 native plugins for Editor in 0.00 ms.
Unloading 1810 Unused Serialized files (Serialized files now loaded: 0)
System memory in use before: 89.7 MB.
System memory in use after: 89.8 MB.

Unloading 11 unused Assets to reduce memory usage. Loaded Objects now: 2340.
Total: 4.759000 ms (FindLiveObjects: 0.294400 ms CreateObjectMapping: 0.062000 ms MarkObjects: 4.264100 ms  DeleteObjects: 0.136400 ms)

AssetImportParameters requested are different than current active one (requested -> active):
  custom:graphics/normal-map-encoding: 01000000000000000000000000000000 -> 02000000000000000000000000000000
========================================================================
Received Import Request.
  Time since last request: 155.840723 seconds.
  path: Assets/Prefabs/Ninja.prefab
  artifactKey: Guid(6dffa3e4351496e40bb95ebfa5b34381) Importer(815301076,1909f56bfc062723c751e8b465ee728b)
Start importing Assets/Prefabs/Ninja.prefab using Guid(6dffa3e4351496e40bb95ebfa5b34381) Importer(815301076,1909f56bfc062723c751e8b465ee728b)  -> (artifact id: '5311556b9b499c82f3ade9fd4aaf7422') in 0.068043 seconds
  Import took 0.123671 seconds .

========================================================================
Received Prepare
Registering precompiled user dll's ...
Registered in 0.001705 seconds.
Begin MonoManager ReloadAssembly
Native extension for WindowsStandalone target not found
Native extension for WebGL target not found
Refreshing native plugins compatible for Editor in 0.67 ms, found 1 plugins.
Preloading 0 native plugins for Editor in 0.00 ms.
Invoked RoslynAnalysisRunner static constructor.
RoslynAnalysisRunner will not be running.
RoslynAnalysisRunner has terminated.
Mono: successfully reloaded assembly
- Completed reload, in  1.318 seconds
Platform modules already initialized, skipping
Switching build target platform(5) subTarget(0) extendedPlatform(0) -> platform(9) subTarget(16777218) extendedPlatform(0)
Refreshing native plugins compatible for Editor in 0.50 ms, found 1 plugins.
Preloading 0 native plugins for Editor in 0.00 ms.
Unloading 1810 Unused Serialized files (Serialized files now loaded: 0)
System memory in use before: 89.8 MB.
System memory in use after: 89.8 MB.

Unloading 11 unused Assets to reduce memory usage. Loaded Objects now: 2344.
Total: 2.376700 ms (FindLiveObjects: 0.258700 ms CreateObjectMapping: 0.066000 ms MarkObjects: 1.929700 ms  DeleteObjects: 0.120900 ms)

AssetImportParameters requested are different than current active one (requested -> active):
  custom:graphics/normal-map-encoding: 01000000000000000000000000000000 -> 02000000000000000000000000000000
========================================================================
Received Import Request.
  Time since last request: 37.803785 seconds.
  path: Assets/Animations/Knight/KnightMan_0.controller
  artifactKey: Guid(f27447744b5e1c9439b9ef37b0760269) Importer(815301076,1909f56bfc062723c751e8b465ee728b)
Start importing Assets/Animations/Knight/KnightMan_0.controller using Guid(f27447744b5e1c9439b9ef37b0760269) Importer(815301076,1909f56bfc062723c751e8b465ee728b)  -> (artifact id: 'facf114b09f3ea913607ef53f3ebef92') in 0.020892 seconds
  Import took 0.024286 seconds .

========================================================================
Received Prepare
Registering precompiled user dll's ...
Registered in 0.001366 seconds.
Begin MonoManager ReloadAssembly
Native extension for WindowsStandalone target not found
Native extension for WebGL target not found
Refreshing native plugins compatible for Editor in 0.47 ms, found 1 plugins.
Preloading 0 native plugins for Editor in 0.00 ms.
Invoked RoslynAnalysisRunner static constructor.
RoslynAnalysisRunner will not be running.
RoslynAnalysisRunner has terminated.
Mono: successfully reloaded assembly
- Completed reload, in  1.169 seconds
Platform modules already initialized, skipping
Switching build target platform(5) subTarget(0) extendedPlatform(0) -> platform(9) subTarget(16777218) extendedPlatform(0)
Refreshing native plugins compatible for Editor in 0.62 ms, found 1 plugins.
Preloading 0 native plugins for Editor in 0.00 ms.
Unloading 1810 Unused Serialized files (Serialized files now loaded: 0)
System memory in use before: 89.8 MB.
System memory in use after: 89.9 MB.

Unloading 11 unused Assets to reduce memory usage. Loaded Objects now: 2347.
Total: 2.627800 ms (FindLiveObjects: 0.247600 ms CreateObjectMapping: 0.051700 ms MarkObjects: 2.196300 ms  DeleteObjects: 0.130500 ms)

AssetImportParameters requested are different than current active one (requested -> active):
  custom:graphics/normal-map-encoding: 01000000000000000000000000000000 -> 02000000000000000000000000000000
========================================================================
Received Prepare
Registering precompiled user dll's ...
Registered in 0.001543 seconds.
Begin MonoManager ReloadAssembly
Native extension for WindowsStandalone target not found
Native extension for WebGL target not found
Refreshing native plugins compatible for Editor in 0.43 ms, found 1 plugins.
Preloading 0 native plugins for Editor in 0.00 ms.
Invoked RoslynAnalysisRunner static constructor.
RoslynAnalysisRunner will not be running.
RoslynAnalysisRunner has terminated.
Mono: successfully reloaded assembly
- Completed reload, in  1.166 seconds
Platform modules already initialized, skipping
Switching build target platform(5) subTarget(0) extendedPlatform(0) -> platform(9) subTarget(16777218) extendedPlatform(0)
Refreshing native plugins compatible for Editor in 0.42 ms, found 1 plugins.
Preloading 0 native plugins for Editor in 0.00 ms.
Unloading 1810 Unused Serialized files (Serialized files now loaded: 0)
System memory in use before: 89.9 MB.
System memory in use after: 89.9 MB.

Unloading 11 unused Assets to reduce memory usage. Loaded Objects now: 2350.
Total: 2.942500 ms (FindLiveObjects: 0.298900 ms CreateObjectMapping: 0.061400 ms MarkObjects: 2.425700 ms  DeleteObjects: 0.155000 ms)

AssetImportParameters requested are different than current active one (requested -> active):
  custom:graphics/normal-map-encoding: 01000000000000000000000000000000 -> 02000000000000000000000000000000
========================================================================
Received Prepare
Registering precompiled user dll's ...
Registered in 0.001192 seconds.
Begin MonoManager ReloadAssembly
Native extension for WindowsStandalone target not found
Native extension for WebGL target not found
Refreshing native plugins compatible for Editor in 0.44 ms, found 1 plugins.
Preloading 0 native plugins for Editor in 0.00 ms.
Invoked RoslynAnalysisRunner static constructor.
RoslynAnalysisRunner will not be running.
RoslynAnalysisRunner has terminated.
Mono: successfully reloaded assembly
- Completed reload, in  1.122 seconds
Platform modules already initialized, skipping
Switching build target platform(5) subTarget(0) extendedPlatform(0) -> platform(9) subTarget(16777218) extendedPlatform(0)
Refreshing native plugins compatible for Editor in 0.43 ms, found 1 plugins.
Preloading 0 native plugins for Editor in 0.00 ms.
Unloading 1810 Unused Serialized files (Serialized files now loaded: 0)
System memory in use before: 90.0 MB.
System memory in use after: 90.0 MB.

Unloading 11 unused Assets to reduce memory usage. Loaded Objects now: 2353.
Total: 2.860200 ms (FindLiveObjects: 0.256800 ms CreateObjectMapping: 0.063500 ms MarkObjects: 2.416700 ms  DeleteObjects: 0.120900 ms)

AssetImportParameters requested are different than current active one (requested -> active):
  custom:graphics/normal-map-encoding: 01000000000000000000000000000000 -> 02000000000000000000000000000000
========================================================================
Received Import Request.
  Time since last request: 291.972149 seconds.
  path: Assets/Scripts/EpicFail.cs
  artifactKey: Guid(1664922514b08422caae26c8e26d1824) Importer(815301076,1909f56bfc062723c751e8b465ee728b)
Start importing Assets/Scripts/EpicFail.cs using Guid(1664922514b08422caae26c8e26d1824) Importer(815301076,1909f56bfc062723c751e8b465ee728b)  -> (artifact id: 'c71bea9afef1d3fb7a02507de9fd01c8') in 0.036148 seconds
  Import took 0.039781 seconds .

========================================================================
Received Prepare
Registering precompiled user dll's ...
Registered in 0.001251 seconds.
Begin MonoManager ReloadAssembly
Native extension for WindowsStandalone target not found
Native extension for WebGL target not found
Refreshing native plugins compatible for Editor in 0.51 ms, found 1 plugins.
Preloading 0 native plugins for Editor in 0.00 ms.
Invoked RoslynAnalysisRunner static constructor.
RoslynAnalysisRunner will not be running.
RoslynAnalysisRunner has terminated.
Mono: successfully reloaded assembly
- Completed reload, in  1.059 seconds
Platform modules already initialized, skipping
Switching build target platform(5) subTarget(0) extendedPlatform(0) -> platform(9) subTarget(16777218) extendedPlatform(0)
Refreshing native plugins compatible for Editor in 0.59 ms, found 1 plugins.
Preloading 0 native plugins for Editor in 0.00 ms.
Unloading 1810 Unused Serialized files (Serialized files now loaded: 0)
System memory in use before: 90.0 MB.
System memory in use after: 90.0 MB.

Unloading 11 unused Assets to reduce memory usage. Loaded Objects now: 2356.
Total: 3.096500 ms (FindLiveObjects: 0.404700 ms CreateObjectMapping: 0.094600 ms MarkObjects: 2.460300 ms  DeleteObjects: 0.135200 ms)

AssetImportParameters requested are different than current active one (requested -> active):
  custom:graphics/normal-map-encoding: 01000000000000000000000000000000 -> 02000000000000000000000000000000
========================================================================
Received Import Request.
  Time since last request: 112.385626 seconds.
  path: Assets/Prefabs/Ninja.prefab
  artifactKey: Guid(6dffa3e4351496e40bb95ebfa5b34381) Importer(815301076,1909f56bfc062723c751e8b465ee728b)
Start importing Assets/Prefabs/Ninja.prefab using Guid(6dffa3e4351496e40bb95ebfa5b34381) Importer(815301076,1909f56bfc062723c751e8b465ee728b)  -> (artifact id: 'db7421e715bb91eba0da76d4d8cf8967') in 0.063451 seconds
  Import took 0.067873 seconds .

========================================================================
Received Prepare
Registering precompiled user dll's ...
Registered in 0.001199 seconds.
Begin MonoManager ReloadAssembly
Native extension for WindowsStandalone target not found
Native extension for WebGL target not found
Refreshing native plugins compatible for Editor in 0.50 ms, found 1 plugins.
Preloading 0 native plugins for Editor in 0.00 ms.
Invoked RoslynAnalysisRunner static constructor.
RoslynAnalysisRunner will not be running.
RoslynAnalysisRunner has terminated.
Mono: successfully reloaded assembly
- Completed reload, in  1.166 seconds
Platform modules already initialized, skipping
Switching build target platform(5) subTarget(0) extendedPlatform(0) -> platform(9) subTarget(16777218) extendedPlatform(0)
Refreshing native plugins compatible for Editor in 0.47 ms, found 1 plugins.
Preloading 0 native plugins for Editor in 0.00 ms.
Unloading 1810 Unused Serialized files (Serialized files now loaded: 0)
System memory in use before: 90.1 MB.
System memory in use after: 90.1 MB.

Unloading 11 unused Assets to reduce memory usage. Loaded Objects now: 2360.
Total: 2.626300 ms (FindLiveObjects: 0.266300 ms CreateObjectMapping: 0.059500 ms MarkObjects: 2.174700 ms  DeleteObjects: 0.124200 ms)

AssetImportParameters requested are different than current active one (requested -> active):
  custom:graphics/normal-map-encoding: 01000000000000000000000000000000 -> 02000000000000000000000000000000
========================================================================
Received Import Request.
  Time since last request: 96.768678 seconds.
  path: ProjectSettings/TagManager.asset
  artifactKey: Guid(00000000000000003000000000000000) Importer(815301076,1909f56bfc062723c751e8b465ee728b)
Start importing ProjectSettings/TagManager.asset using Guid(00000000000000003000000000000000) Importer(815301076,1909f56bfc062723c751e8b465ee728b)  -> (artifact id: 'c1888cefcba3abc1985d3ed1e4ed9888') in 0.019805 seconds
  Import took 0.024388 seconds .

========================================================================
Received Import Request.
  Time since last request: 1.583298 seconds.
  path: ProjectSettings/TagManager.asset
  artifactKey: Guid(00000000000000003000000000000000) Importer(815301076,1909f56bfc062723c751e8b465ee728b)
Start importing ProjectSettings/TagManager.asset using Guid(00000000000000003000000000000000) Importer(815301076,1909f56bfc062723c751e8b465ee728b)  -> (artifact id: 'c1888cefcba3abc1985d3ed1e4ed9888') in 0.003551 seconds
  Import took 0.007200 seconds .

========================================================================
Received Prepare
Registering precompiled user dll's ...
Registered in 0.001579 seconds.
Begin MonoManager ReloadAssembly
Native extension for WindowsStandalone target not found
Native extension for WebGL target not found
Refreshing native plugins compatible for Editor in 0.45 ms, found 1 plugins.
Preloading 0 native plugins for Editor in 0.00 ms.
Invoked RoslynAnalysisRunner static constructor.
RoslynAnalysisRunner will not be running.
RoslynAnalysisRunner has terminated.
Mono: successfully reloaded assembly
- Completed reload, in  1.155 seconds
Platform modules already initialized, skipping
Switching build target platform(5) subTarget(0) extendedPlatform(0) -> platform(9) subTarget(16777218) extendedPlatform(0)
Refreshing native plugins compatible for Editor in 0.42 ms, found 1 plugins.
Preloading 0 native plugins for Editor in 0.00 ms.
Unloading 1810 Unused Serialized files (Serialized files now loaded: 0)
System memory in use before: 90.1 MB.
System memory in use after: 90.2 MB.

Unloading 13 unused Assets to reduce memory usage. Loaded Objects now: 2363.
Total: 3.152800 ms (FindLiveObjects: 0.359300 ms CreateObjectMapping: 0.067900 ms MarkObjects: 2.576300 ms  DeleteObjects: 0.147300 ms)

AssetImportParameters requested are different than current active one (requested -> active):
  custom:graphics/normal-map-encoding: 01000000000000000000000000000000 -> 02000000000000000000000000000000
========================================================================
Received Import Request.
  Time since last request: 115.618211 seconds.
  path: Assets/Scripts/EpicWin.cs
  artifactKey: Guid(9ca3f48cf9168441580d93040663b0ca) Importer(815301076,1909f56bfc062723c751e8b465ee728b)
Start importing Assets/Scripts/EpicWin.cs using Guid(9ca3f48cf9168441580d93040663b0ca) Importer(815301076,1909f56bfc062723c751e8b465ee728b)  -> (artifact id: '51163ce0664d2e90d83b7d3c92fb24fd') in 0.120075 seconds
  Import took 0.124187 seconds .

========================================================================
Received Prepare
Registering precompiled user dll's ...
Registered in 0.001392 seconds.
Begin MonoManager ReloadAssembly
Native extension for WindowsStandalone target not found
Native extension for WebGL target not found
Refreshing native plugins compatible for Editor in 0.42 ms, found 1 plugins.
Preloading 0 native plugins for Editor in 0.00 ms.
Invoked RoslynAnalysisRunner static constructor.
RoslynAnalysisRunner will not be running.
RoslynAnalysisRunner has terminated.
Mono: successfully reloaded assembly
- Completed reload, in  1.096 seconds
Platform modules already initialized, skipping
Switching build target platform(5) subTarget(0) extendedPlatform(0) -> platform(9) subTarget(16777218) extendedPlatform(0)
Refreshing native plugins compatible for Editor in 0.45 ms, found 1 plugins.
Preloading 0 native plugins for Editor in 0.00 ms.
Unloading 1810 Unused Serialized files (Serialized files now loaded: 0)
System memory in use before: 90.2 MB.
System memory in use after: 90.2 MB.

Unloading 11 unused Assets to reduce memory usage. Loaded Objects now: 2366.
Total: 2.850300 ms (FindLiveObjects: 0.270200 ms CreateObjectMapping: 0.057600 ms MarkObjects: 2.382500 ms  DeleteObjects: 0.138300 ms)

AssetImportParameters requested are different than current active one (requested -> active):
  custom:graphics/normal-map-encoding: 01000000000000000000000000000000 -> 02000000000000000000000000000000
========================================================================
Received Import Request.
  Time since last request: 296.123690 seconds.
  path: Assets/Scripts/EpicWin.cs
  artifactKey: Guid(9ca3f48cf9168441580d93040663b0ca) Importer(815301076,1909f56bfc062723c751e8b465ee728b)
Start importing Assets/Scripts/EpicWin.cs using Guid(9ca3f48cf9168441580d93040663b0ca) Importer(815301076,1909f56bfc062723c751e8b465ee728b)  -> (artifact id: '366a840a55a4d5a0161c0a00d39c9be5') in 0.006848 seconds
  Import took 0.010925 seconds .

========================================================================
Received Prepare
Registering precompiled user dll's ...
Registered in 0.001639 seconds.
Begin MonoManager ReloadAssembly
Native extension for WindowsStandalone target not found
Native extension for WebGL target not found
Refreshing native plugins compatible for Editor in 0.54 ms, found 1 plugins.
Preloading 0 native plugins for Editor in 0.00 ms.
Invoked RoslynAnalysisRunner static constructor.
RoslynAnalysisRunner will not be running.
RoslynAnalysisRunner has terminated.
Mono: successfully reloaded assembly
- Completed reload, in  1.181 seconds
Platform modules already initialized, skipping
Switching build target platform(5) subTarget(0) extendedPlatform(0) -> platform(9) subTarget(16777218) extendedPlatform(0)
Refreshing native plugins compatible for Editor in 0.51 ms, found 1 plugins.
Preloading 0 native plugins for Editor in 0.00 ms.
Unloading 1810 Unused Serialized files (Serialized files now loaded: 0)
System memory in use before: 90.2 MB.
System memory in use after: 90.3 MB.

Unloading 11 unused Assets to reduce memory usage. Loaded Objects now: 2369.
Total: 2.585000 ms (FindLiveObjects: 0.330300 ms CreateObjectMapping: 0.061600 ms MarkObjects: 2.056700 ms  DeleteObjects: 0.134400 ms)

AssetImportParameters requested are different than current active one (requested -> active):
  custom:graphics/normal-map-encoding: 01000000000000000000000000000000 -> 02000000000000000000000000000000
========================================================================
Received Prepare
Registering precompiled user dll's ...
Registered in 0.001433 seconds.
Begin MonoManager ReloadAssembly
Native extension for WindowsStandalone target not found
Native extension for WebGL target not found
Refreshing native plugins compatible for Editor in 0.42 ms, found 1 plugins.
Preloading 0 native plugins for Editor in 0.00 ms.
Invoked RoslynAnalysisRunner static constructor.
RoslynAnalysisRunner will not be running.
RoslynAnalysisRunner has terminated.
Mono: successfully reloaded assembly
- Completed reload, in  1.065 seconds
Platform modules already initialized, skipping
Switching build target platform(5) subTarget(0) extendedPlatform(0) -> platform(9) subTarget(16777218) extendedPlatform(0)
Refreshing native plugins compatible for Editor in 0.44 ms, found 1 plugins.
Preloading 0 native plugins for Editor in 0.00 ms.
Unloading 1810 Unused Serialized files (Serialized files now loaded: 0)
System memory in use before: 90.3 MB.
System memory in use after: 90.3 MB.

Unloading 11 unused Assets to reduce memory usage. Loaded Objects now: 2372.
Total: 3.806400 ms (FindLiveObjects: 0.404200 ms CreateObjectMapping: 0.102800 ms MarkObjects: 3.167000 ms  DeleteObjects: 0.130200 ms)

AssetImportParameters requested are different than current active one (requested -> active):
  custom:graphics/normal-map-encoding: 01000000000000000000000000000000 -> 02000000000000000000000000000000
========================================================================
Received Prepare
Registering precompiled user dll's ...
Registered in 0.001101 seconds.
Begin MonoManager ReloadAssembly
Native extension for WindowsStandalone target not found
Native extension for WebGL target not found
Refreshing native plugins compatible for Editor in 0.43 ms, found 1 plugins.
Preloading 0 native plugins for Editor in 0.00 ms.
Invoked RoslynAnalysisRunner static constructor.
RoslynAnalysisRunner will not be running.
RoslynAnalysisRunner has terminated.
Mono: successfully reloaded assembly
- Completed reload, in  1.106 seconds
Platform modules already initialized, skipping
Switching build target platform(5) subTarget(0) extendedPlatform(0) -> platform(9) subTarget(16777218) extendedPlatform(0)
Refreshing native plugins compatible for Editor in 0.54 ms, found 1 plugins.
Preloading 0 native plugins for Editor in 0.00 ms.
Unloading 1810 Unused Serialized files (Serialized files now loaded: 0)
System memory in use before: 90.4 MB.
System memory in use after: 90.4 MB.

Unloading 11 unused Assets to reduce memory usage. Loaded Objects now: 2375.
Total: 2.930100 ms (FindLiveObjects: 0.241200 ms CreateObjectMapping: 0.046300 ms MarkObjects: 2.502500 ms  DeleteObjects: 0.138100 ms)

AssetImportParameters requested are different than current active one (requested -> active):
  custom:graphics/normal-map-encoding: 01000000000000000000000000000000 -> 02000000000000000000000000000000
AssetImportWorkerClient::OnTransportError - code=2 error=End of file
